<?xml version="1.0" encoding="UTF-8"?>
<!-- Generated by org.testng.reporters.JUnitReportReporter -->
<testsuite skipped="0" hostname="DESKTOP-3SL4LUB" name="testcases.TestWebBrowser" tests="2" failures="0" timestamp="27 Dec 2018 19:44:24 GMT" time="13.519" errors="0">
  <testcase name="testcase" time="7.237" classname="testcases.TestWebBrowser"/>
  <testcase name="testcase" time="6.282" classname="testcases.TestWebBrowser"/>
</testsuite> <!-- testcases.TestWebBrowser -->
