<?xml version="1.0" encoding="UTF-8"?>
<!-- Generated by org.testng.reporters.JUnitReportReporter -->
<testsuite skipped="0" hostname="Rahuls-MacBook-Pro.local" name="BrowserTest" tests="2" failures="0" timestamp="27 Dec 2018 13:58:22 GMT" time="19.241" errors="0">
  <testcase name="testcase" time="9.235" classname="BrowserTest"/>
  <testcase name="testcase" time="10.006" classname="BrowserTest"/>
</testsuite> <!-- BrowserTest -->
