<?xml version="1.0" encoding="UTF-8"?>
<!-- Generated by org.testng.reporters.JUnitReportReporter -->
<testsuite skipped="0" hostname="192.168.1.2" name="testnglearning.TestParametersXML" tests="2" failures="0" timestamp="03 Jun 2022 11:25:13 GMT" time="20.211" errors="0">
  <testcase name="browserTest" time="10.757" classname="testnglearning.TestParametersXML"/>
  <testcase name="browserTest" time="9.454" classname="testnglearning.TestParametersXML"/>
</testsuite> <!-- testnglearning.TestParametersXML -->
