<?xml version="1.0" encoding="UTF-8"?>
<!-- Generated by org.testng.reporters.JUnitReportReporter -->
<testsuite skipped="0" hostname="192.168.1.2" name="testnglearning.TestParallelDataProvider" tests="2" failures="0" timestamp="03 Jun 2022 11:29:44 GMT" time="4.040" errors="0">
  <testcase name="doLogin" time="2.020" classname="testnglearning.TestParallelDataProvider"/>
  <testcase name="doLogin" time="2.020" classname="testnglearning.TestParallelDataProvider"/>
</testsuite> <!-- testnglearning.TestParallelDataProvider -->
