<?xml version="1.0" encoding="UTF-8"?>
<!-- Generated by org.testng.reporters.JUnitReportReporter -->
<testsuite skipped="0" hostname="Rahuls-MacBook-Pro-2.local" name="testnglearning.TestCase1" tests="2" failures="0" timestamp="30 May 2022 11:32:14 GMT" time="0.005" errors="0">
  <testcase name="doUserReg" time="0.004" classname="testnglearning.TestCase1"/>
  <testcase name="doLogin" time="0.001" classname="testnglearning.TestCase1"/>
</testsuite> <!-- testnglearning.TestCase1 -->
